0 info it worked if it ends with ok
1 verbose cli [ 'C:\\Program Files\\nodejs\\node.exe',
1 verbose cli   'C:\\Program Files\\nodejs\\node_modules\\npm\\bin\\npm-cli.js',
1 verbose cli   'install',
1 verbose cli   'angular-qrcode' ]
2 info using npm@3.10.9
3 info using node@v6.9.2
4 silly loadCurrentTree Starting
5 silly install loadCurrentTree
6 silly install readLocalPackageData
7 silly fetchPackageMetaData angular-qrcode
8 silly fetchNamedPackageData angular-qrcode
9 silly mapToRegistry name angular-qrcode
10 silly mapToRegistry using default registry
11 silly mapToRegistry registry https://registry.npmjs.org/
12 silly mapToRegistry data Result {
12 silly mapToRegistry   raw: 'angular-qrcode',
12 silly mapToRegistry   scope: null,
12 silly mapToRegistry   escapedName: 'angular-qrcode',
12 silly mapToRegistry   name: 'angular-qrcode',
12 silly mapToRegistry   rawSpec: '',
12 silly mapToRegistry   spec: 'latest',
12 silly mapToRegistry   type: 'tag' }
13 silly mapToRegistry uri https://registry.npmjs.org/angular-qrcode
14 verbose request uri https://registry.npmjs.org/angular-qrcode
15 verbose request no auth needed
16 info attempt registry request try #1 at 4:55:13 PM
17 verbose request id ba13bd3d94c06322
18 verbose etag W/"56ff9cb5-245b"
19 verbose lastModified Sat, 02 Apr 2016 10:19:33 GMT
20 http request GET https://registry.npmjs.org/angular-qrcode
21 http 304 https://registry.npmjs.org/angular-qrcode
22 verbose headers { date: 'Fri, 17 Feb 2017 19:55:15 GMT',
22 verbose headers   via: '1.1 varnish',
22 verbose headers   'cache-control': 'max-age=300',
22 verbose headers   etag: 'W/"56ff9cb5-245b"',
22 verbose headers   age: '196',
22 verbose headers   connection: 'keep-alive',
22 verbose headers   'x-served-by': 'cache-jfk8122-JFK',
22 verbose headers   'x-cache': 'HIT',
22 verbose headers   'x-cache-hits': '1',
22 verbose headers   'x-timer': 'S1487361315.532205,VS0,VE0',
22 verbose headers   vary: 'Accept-Encoding' }
23 silly get cb [ 304,
23 silly get   { date: 'Fri, 17 Feb 2017 19:55:15 GMT',
23 silly get     via: '1.1 varnish',
23 silly get     'cache-control': 'max-age=300',
23 silly get     etag: 'W/"56ff9cb5-245b"',
23 silly get     age: '196',
23 silly get     connection: 'keep-alive',
23 silly get     'x-served-by': 'cache-jfk8122-JFK',
23 silly get     'x-cache': 'HIT',
23 silly get     'x-cache-hits': '1',
23 silly get     'x-timer': 'S1487361315.532205,VS0,VE0',
23 silly get     vary: 'Accept-Encoding' } ]
24 verbose etag https://registry.npmjs.org/angular-qrcode from cache
25 verbose get saving angular-qrcode to C:\Users\julian.d.barrientos\AppData\Roaming\npm-cache\registry.npmjs.org\angular-qrcode\.cache.json
26 verbose correctMkdir C:\Users\julian.d.barrientos\AppData\Roaming\npm-cache correctMkdir not in flight; initializing
27 silly install normalizeTree
28 silly loadCurrentTree Finishing
29 silly loadIdealTree Starting
30 silly install loadIdealTree
31 silly cloneCurrentTree Starting
32 silly install cloneCurrentTreeToIdealTree
33 silly cloneCurrentTree Finishing
34 silly loadShrinkwrap Starting
35 silly install loadShrinkwrap
36 silly loadShrinkwrap Finishing
37 silly loadAllDepsIntoIdealTree Starting
38 silly install loadAllDepsIntoIdealTree
39 silly resolveWithNewModule angular-qrcode@6.2.1 checking installable status
40 silly cache add args [ 'angular-qrcode', null ]
41 verbose cache add spec angular-qrcode
42 silly cache add parsed spec Result {
42 silly cache add   raw: 'angular-qrcode',
42 silly cache add   scope: null,
42 silly cache add   escapedName: 'angular-qrcode',
42 silly cache add   name: 'angular-qrcode',
42 silly cache add   rawSpec: '',
42 silly cache add   spec: 'latest',
42 silly cache add   type: 'tag' }
43 silly addNamed angular-qrcode@latest
44 verbose addNamed "latest" is being treated as a dist-tag for angular-qrcode
45 info addNameTag [ 'angular-qrcode', 'latest' ]
46 silly mapToRegistry name angular-qrcode
47 silly mapToRegistry using default registry
48 silly mapToRegistry registry https://registry.npmjs.org/
49 silly mapToRegistry data Result {
49 silly mapToRegistry   raw: 'angular-qrcode',
49 silly mapToRegistry   scope: null,
49 silly mapToRegistry   escapedName: 'angular-qrcode',
49 silly mapToRegistry   name: 'angular-qrcode',
49 silly mapToRegistry   rawSpec: '',
49 silly mapToRegistry   spec: 'latest',
49 silly mapToRegistry   type: 'tag' }
50 silly mapToRegistry uri https://registry.npmjs.org/angular-qrcode
51 verbose addNameTag registry:https://registry.npmjs.org/angular-qrcode not in flight; fetching
52 verbose get https://registry.npmjs.org/angular-qrcode not expired, no request
53 silly addNameTag next cb for angular-qrcode with tag latest
54 silly addNamed angular-qrcode@6.2.1
55 verbose addNamed "6.2.1" is a plain semver version for angular-qrcode
56 silly cache afterAdd angular-qrcode@6.2.1
57 verbose afterAdd C:\Users\julian.d.barrientos\AppData\Roaming\npm-cache\angular-qrcode\6.2.1\package\package.json not in flight; writing
58 verbose correctMkdir C:\Users\julian.d.barrientos\AppData\Roaming\npm-cache correctMkdir not in flight; initializing
59 verbose afterAdd C:\Users\julian.d.barrientos\AppData\Roaming\npm-cache\angular-qrcode\6.2.1\package\package.json written
60 silly fetchNamedPackageData angular
61 silly mapToRegistry name angular
62 silly mapToRegistry using default registry
63 silly mapToRegistry registry https://registry.npmjs.org/
64 silly mapToRegistry data Result {
64 silly mapToRegistry   raw: 'angular',
64 silly mapToRegistry   scope: null,
64 silly mapToRegistry   escapedName: 'angular',
64 silly mapToRegistry   name: 'angular',
64 silly mapToRegistry   rawSpec: '',
64 silly mapToRegistry   spec: 'latest',
64 silly mapToRegistry   type: 'tag' }
65 silly mapToRegistry uri https://registry.npmjs.org/angular
66 silly fetchOtherPackageData qrcode-generator@git://github.com/monospaced/bower-qrcode-generator.git#v0.1.0
67 silly cache add args [ 'qrcode-generator@git://github.com/monospaced/bower-qrcode-generator.git#v0.1.0',
67 silly cache add   null ]
68 verbose cache add spec qrcode-generator@git://github.com/monospaced/bower-qrcode-generator.git#v0.1.0
69 silly cache add parsed spec Result {
69 silly cache add   raw: 'qrcode-generator@git://github.com/monospaced/bower-qrcode-generator.git#v0.1.0',
69 silly cache add   scope: null,
69 silly cache add   escapedName: 'qrcode-generator',
69 silly cache add   name: 'qrcode-generator',
69 silly cache add   rawSpec: 'git://github.com/monospaced/bower-qrcode-generator.git#v0.1.0',
69 silly cache add   spec: 'git://github.com/monospaced/bower-qrcode-generator.git#v0.1.0',
69 silly cache add   type: 'hosted',
69 silly cache add   hosted:
69 silly cache add    { type: 'github',
69 silly cache add      ssh: 'git@github.com:monospaced/bower-qrcode-generator.git#v0.1.0',
69 silly cache add      sshUrl: 'git+ssh://git@github.com/monospaced/bower-qrcode-generator.git#v0.1.0',
69 silly cache add      httpsUrl: 'git+https://github.com/monospaced/bower-qrcode-generator.git#v0.1.0',
69 silly cache add      gitUrl: 'git://github.com/monospaced/bower-qrcode-generator.git#v0.1.0',
69 silly cache add      shortcut: 'github:monospaced/bower-qrcode-generator#v0.1.0',
69 silly cache add      directUrl: 'https://raw.githubusercontent.com/monospaced/bower-qrcode-generator/v0.1.0/package.json' } }
70 verbose addRemoteGit caching git://github.com/monospaced/bower-qrcode-generator.git#v0.1.0
71 verbose addRemoteGit git://github.com/monospaced/bower-qrcode-generator.git#v0.1.0 is a repository hosted by github
72 silly tryClone cloning git://github.com/monospaced/bower-qrcode-generator.git#v0.1.0 via git://github.com/monospaced/bower-qrcode-generator.git#v0.1.0
73 verbose tryClone git-github-com-monospaced-bower-qrcode-generator-git-v0-1-0-20de882d not in flight; caching
74 verbose correctMkdir C:\Users\julian.d.barrientos\AppData\Roaming\npm-cache\_git-remotes correctMkdir not in flight; initializing
75 verbose request uri https://registry.npmjs.org/angular
76 verbose request no auth needed
77 info attempt registry request try #1 at 4:55:15 PM
78 verbose etag W/"58a3a8c6-24108"
79 verbose lastModified Wed, 15 Feb 2017 01:03:02 GMT
80 http request GET https://registry.npmjs.org/angular
81 info git [ 'clone',
81 info git   '--template=C:\\Users\\julian.d.barrientos\\AppData\\Roaming\\npm-cache\\_git-remotes\\_templates',
81 info git   '--mirror',
81 info git   'git://github.com/monospaced/bower-qrcode-generator.git',
81 info git   'C:\\Users\\julian.d.barrientos\\AppData\\Roaming\\npm-cache\\_git-remotes\\git-github-com-monospaced-bower-qrcode-generator-git-v0-1-0-20de882d' ]
82 http 304 https://registry.npmjs.org/angular
83 verbose headers { date: 'Fri, 17 Feb 2017 19:55:15 GMT',
83 verbose headers   via: '1.1 varnish',
83 verbose headers   'cache-control': 'max-age=300',
83 verbose headers   etag: 'W/"58a3a8c6-24108"',
83 verbose headers   age: '118',
83 verbose headers   connection: 'keep-alive',
83 verbose headers   'x-served-by': 'cache-jfk8122-JFK',
83 verbose headers   'x-cache': 'HIT',
83 verbose headers   'x-cache-hits': '1',
83 verbose headers   'x-timer': 'S1487361315.803432,VS0,VE0',
83 verbose headers   vary: 'Accept-Encoding' }
84 silly get cb [ 304,
84 silly get   { date: 'Fri, 17 Feb 2017 19:55:15 GMT',
84 silly get     via: '1.1 varnish',
84 silly get     'cache-control': 'max-age=300',
84 silly get     etag: 'W/"58a3a8c6-24108"',
84 silly get     age: '118',
84 silly get     connection: 'keep-alive',
84 silly get     'x-served-by': 'cache-jfk8122-JFK',
84 silly get     'x-cache': 'HIT',
84 silly get     'x-cache-hits': '1',
84 silly get     'x-timer': 'S1487361315.803432,VS0,VE0',
84 silly get     vary: 'Accept-Encoding' } ]
85 verbose etag https://registry.npmjs.org/angular from cache
86 verbose get saving angular to C:\Users\julian.d.barrientos\AppData\Roaming\npm-cache\registry.npmjs.org\angular\.cache.json
87 verbose correctMkdir C:\Users\julian.d.barrientos\AppData\Roaming\npm-cache correctMkdir not in flight; initializing
88 silly resolveWithNewModule angular@1.6.2 checking installable status
89 silly cache add args [ 'angular@>=1.0.6', null ]
90 verbose cache add spec angular@>=1.0.6
91 silly cache add parsed spec Result {
91 silly cache add   raw: 'angular@>=1.0.6',
91 silly cache add   scope: null,
91 silly cache add   escapedName: 'angular',
91 silly cache add   name: 'angular',
91 silly cache add   rawSpec: '>=1.0.6',
91 silly cache add   spec: '>=1.0.6',
91 silly cache add   type: 'range' }
92 silly addNamed angular@>=1.0.6
93 verbose addNamed ">=1.0.6" is a valid semver range for angular
94 silly addNameRange { name: 'angular', range: '>=1.0.6', hasData: false }
95 silly mapToRegistry name angular
96 silly mapToRegistry using default registry
97 silly mapToRegistry registry https://registry.npmjs.org/
98 silly mapToRegistry data Result {
98 silly mapToRegistry   raw: 'angular',
98 silly mapToRegistry   scope: null,
98 silly mapToRegistry   escapedName: 'angular',
98 silly mapToRegistry   name: 'angular',
98 silly mapToRegistry   rawSpec: '',
98 silly mapToRegistry   spec: 'latest',
98 silly mapToRegistry   type: 'tag' }
99 silly mapToRegistry uri https://registry.npmjs.org/angular
100 verbose addNameRange registry:https://registry.npmjs.org/angular not in flight; fetching
101 verbose get https://registry.npmjs.org/angular not expired, no request
102 silly addNameRange number 2 { name: 'angular', range: '>=1.0.6', hasData: true }
103 silly addNameRange versions [ 'angular',
103 silly addNameRange   [ '0.0.1',
103 silly addNameRange     '0.0.1-1',
103 silly addNameRange     '0.0.1-2',
103 silly addNameRange     '0.0.2',
103 silly addNameRange     '0.0.3',
103 silly addNameRange     '0.0.4',
103 silly addNameRange     '1.0.0',
103 silly addNameRange     '1.0.1',
103 silly addNameRange     '1.0.2',
103 silly addNameRange     '1.0.3',
103 silly addNameRange     '1.0.4',
103 silly addNameRange     '1.0.5',
103 silly addNameRange     '1.0.6',
103 silly addNameRange     '1.0.7',
103 silly addNameRange     '1.0.8',
103 silly addNameRange     '1.1.0',
103 silly addNameRange     '1.1.1',
103 silly addNameRange     '1.1.2',
103 silly addNameRange     '1.1.3',
103 silly addNameRange     '1.1.4',
103 silly addNameRange     '1.1.5',
103 silly addNameRange     '1.2.0',
103 silly addNameRange     '1.2.1',
103 silly addNameRange     '1.2.2',
103 silly addNameRange     '1.2.3',
103 silly addNameRange     '1.2.4',
103 silly addNameRange     '1.2.5',
103 silly addNameRange     '1.2.6',
103 silly addNameRange     '1.2.7',
103 silly addNameRange     '1.2.8',
103 silly addNameRange     '1.2.9',
103 silly addNameRange     '1.2.10',
103 silly addNameRange     '1.2.11',
103 silly addNameRange     '1.2.12',
103 silly addNameRange     '1.2.13',
103 silly addNameRange     '1.2.14',
103 silly addNameRange     '1.2.15',
103 silly addNameRange     '1.2.16',
103 silly addNameRange     '1.2.17',
103 silly addNameRange     '1.2.18',
103 silly addNameRange     '1.2.19',
103 silly addNameRange     '1.2.20',
103 silly addNameRange     '1.2.21',
103 silly addNameRange     '1.2.22',
103 silly addNameRange     '1.2.23',
103 silly addNameRange     '1.3.0-rc.5',
103 silly addNameRange     '1.3.0',
103 silly addNameRange     '1.3.1',
103 silly addNameRange     '1.3.2',
103 silly addNameRange     '1.3.3',
103 silly addNameRange     '1.3.4-build.3588',
103 silly addNameRange     '1.2.27',
103 silly addNameRange     '1.3.4',
103 silly addNameRange     '1.3.5',
103 silly addNameRange     '1.3.6',
103 silly addNameRange     '1.3.7',
103 silly addNameRange     '1.2.28',
103 silly addNameRange     '1.3.8',
103 silly addNameRange     '1.4.0-beta.0',
103 silly addNameRange     '1.3.9',
103 silly addNameRange     '1.3.10',
103 silly addNameRange     '1.4.0-beta.1',
103 silly addNameRange     '1.4.0-beta.2',
103 silly addNameRange     '1.3.11',
103 silly addNameRange     '1.4.0-beta.3',
103 silly addNameRange     '1.3.12',
103 silly addNameRange     '1.3.13',
103 silly addNameRange     '1.4.0-beta.4',
103 silly addNameRange     '1.3.14',
103 silly addNameRange     '1.4.0-beta.5',
103 silly addNameRange     '1.4.0-beta.6',
103 silly addNameRange     '1.3.15',
103 silly addNameRange     '1.4.0-rc.0',
103 silly addNameRange     '1.4.0-rc.1',
103 silly addNameRange     '1.4.0-rc.2',
103 silly addNameRange     '1.4.0',
103 silly addNameRange     '1.3.16',
103 silly addNameRange     '1.4.1',
103 silly addNameRange     '1.4.2',
103 silly addNameRange     '1.3.17',
103 silly addNameRange     '1.4.3',
103 silly addNameRange     '1.4.4',
103 silly addNameRange     '1.3.18',
103 silly addNameRange     '1.4.5',
103 silly addNameRange     '1.3.19',
103 silly addNameRange     '1.4.6',
103 silly addNameRange     '1.5.0-beta.0',
103 silly addNameRange     '1.2.29',
103 silly addNameRange     '1.3.20',
103 silly addNameRange     '1.4.7',
103 silly addNameRange     '1.5.0-beta.2',
103 silly addNameRange     '1.4.8',
103 silly addNameRange     '1.5.0-rc.0',
103 silly addNameRange     '1.5.0-rc.1',
103 silly addNameRange     '1.4.9',
103 silly addNameRange     '1.5.0-rc.2',
103 silly addNameRange     '1.5.0',
103 silly addNameRange     '1.5.1',
103 silly addNameRange     '1.4.10',
103 silly addNameRange     '1.5.2',
103 silly addNameRange     ... 21 more items ] ]
104 silly addNamed angular@1.6.2
105 verbose addNamed "1.6.2" is a plain semver version for angular
106 silly cache afterAdd angular@1.6.2
107 verbose afterAdd C:\Users\julian.d.barrientos\AppData\Roaming\npm-cache\angular\1.6.2\package\package.json not in flight; writing
108 verbose correctMkdir C:\Users\julian.d.barrientos\AppData\Roaming\npm-cache correctMkdir not in flight; initializing
109 verbose afterAdd C:\Users\julian.d.barrientos\AppData\Roaming\npm-cache\angular\1.6.2\package\package.json written
110 error git clone --template=C:\Users\julian.d.barrientos\AppData\Roaming\npm-cache\_git-remotes\_templates --mirror git://github.com/monospaced/bower-qrcode-generator.git C:\Users\julian.d.barrientos\AppData\Roaming\npm-cache\_git-remotes\git-github-com-monospaced-bower-qrcode-generator-git-v0-1-0-20de882d: Cloning into bare repository 'C:\Users\julian.d.barrientos\AppData\Roaming\npm-cache\_git-remotes\git-github-com-monospaced-bower-qrcode-generator-git-v0-1-0-20de882d'...
110 error git clone --template=C:\Users\julian.d.barrientos\AppData\Roaming\npm-cache\_git-remotes\_templates --mirror git://github.com/monospaced/bower-qrcode-generator.git C:\Users\julian.d.barrientos\AppData\Roaming\npm-cache\_git-remotes\git-github-com-monospaced-bower-qrcode-generator-git-v0-1-0-20de882d: fatal: unable to connect to github.com:
110 error git clone --template=C:\Users\julian.d.barrientos\AppData\Roaming\npm-cache\_git-remotes\_templates --mirror git://github.com/monospaced/bower-qrcode-generator.git C:\Users\julian.d.barrientos\AppData\Roaming\npm-cache\_git-remotes\git-github-com-monospaced-bower-qrcode-generator-git-v0-1-0-20de882d: github.com[0: 192.30.253.112]: errno=Invalid argument
110 error git clone --template=C:\Users\julian.d.barrientos\AppData\Roaming\npm-cache\_git-remotes\_templates --mirror git://github.com/monospaced/bower-qrcode-generator.git C:\Users\julian.d.barrientos\AppData\Roaming\npm-cache\_git-remotes\git-github-com-monospaced-bower-qrcode-generator-git-v0-1-0-20de882d: github.com[1: 192.30.253.113]: errno=Invalid argument
111 silly fetchPackageMetaData Error: Command failed: git -c core.longpaths=true clone --template=C:\Users\julian.d.barrientos\AppData\Roaming\npm-cache\_git-remotes\_templates --mirror git://github.com/monospaced/bower-qrcode-generator.git C:\Users\julian.d.barrientos\AppData\Roaming\npm-cache\_git-remotes\git-github-com-monospaced-bower-qrcode-generator-git-v0-1-0-20de882d
111 silly fetchPackageMetaData Cloning into bare repository 'C:\Users\julian.d.barrientos\AppData\Roaming\npm-cache\_git-remotes\git-github-com-monospaced-bower-qrcode-generator-git-v0-1-0-20de882d'...
111 silly fetchPackageMetaData fatal: unable to connect to github.com:
111 silly fetchPackageMetaData github.com[0: 192.30.253.112]: errno=Invalid argument
111 silly fetchPackageMetaData github.com[1: 192.30.253.113]: errno=Invalid argument
111 silly fetchPackageMetaData
111 silly fetchPackageMetaData
111 silly fetchPackageMetaData     at ChildProcess.exithandler (child_process.js:206:12)
111 silly fetchPackageMetaData     at emitTwo (events.js:106:13)
111 silly fetchPackageMetaData     at ChildProcess.emit (events.js:191:7)
111 silly fetchPackageMetaData     at maybeClose (internal/child_process.js:877:16)
111 silly fetchPackageMetaData     at Socket.<anonymous> (internal/child_process.js:334:11)
111 silly fetchPackageMetaData     at emitOne (events.js:96:13)
111 silly fetchPackageMetaData     at Socket.emit (events.js:188:7)
111 silly fetchPackageMetaData     at Pipe._handle.close [as _onclose] (net.js:498:12)
111 silly fetchPackageMetaData  error for qrcode-generator@git://github.com/monospaced/bower-qrcode-generator.git#v0.1.0 { Error: Command failed: git -c core.longpaths=true clone --template=C:\Users\julian.d.barrientos\AppData\Roaming\npm-cache\_git-remotes\_templates --mirror git://github.com/monospaced/bower-qrcode-generator.git C:\Users\julian.d.barrientos\AppData\Roaming\npm-cache\_git-remotes\git-github-com-monospaced-bower-qrcode-generator-git-v0-1-0-20de882d
111 silly fetchPackageMetaData Cloning into bare repository 'C:\Users\julian.d.barrientos\AppData\Roaming\npm-cache\_git-remotes\git-github-com-monospaced-bower-qrcode-generator-git-v0-1-0-20de882d'...
111 silly fetchPackageMetaData fatal: unable to connect to github.com:
111 silly fetchPackageMetaData github.com[0: 192.30.253.112]: errno=Invalid argument
111 silly fetchPackageMetaData github.com[1: 192.30.253.113]: errno=Invalid argument
111 silly fetchPackageMetaData
111 silly fetchPackageMetaData
111 silly fetchPackageMetaData     at ChildProcess.exithandler (child_process.js:206:12)
111 silly fetchPackageMetaData     at emitTwo (events.js:106:13)
111 silly fetchPackageMetaData     at ChildProcess.emit (events.js:191:7)
111 silly fetchPackageMetaData     at maybeClose (internal/child_process.js:877:16)
111 silly fetchPackageMetaData     at Socket.<anonymous> (internal/child_process.js:334:11)
111 silly fetchPackageMetaData     at emitOne (events.js:96:13)
111 silly fetchPackageMetaData     at Socket.emit (events.js:188:7)
111 silly fetchPackageMetaData     at Pipe._handle.close [as _onclose] (net.js:498:12)
111 silly fetchPackageMetaData   killed: false,
111 silly fetchPackageMetaData   code: 128,
111 silly fetchPackageMetaData   signal: null,
111 silly fetchPackageMetaData   cmd: 'git -c core.longpaths=true clone --template=C:\\Users\\julian.d.barrientos\\AppData\\Roaming\\npm-cache\\_git-remotes\\_templates --mirror git://github.com/monospaced/bower-qrcode-generator.git C:\\Users\\julian.d.barrientos\\AppData\\Roaming\\npm-cache\\_git-remotes\\git-github-com-monospaced-bower-qrcode-generator-git-v0-1-0-20de882d' }
112 silly rollbackFailedOptional Starting
113 silly rollbackFailedOptional Finishing
114 silly runTopLevelLifecycles Finishing
115 silly install printInstalled
116 verbose stack Error: Command failed: git -c core.longpaths=true clone --template=C:\Users\julian.d.barrientos\AppData\Roaming\npm-cache\_git-remotes\_templates --mirror git://github.com/monospaced/bower-qrcode-generator.git C:\Users\julian.d.barrientos\AppData\Roaming\npm-cache\_git-remotes\git-github-com-monospaced-bower-qrcode-generator-git-v0-1-0-20de882d
116 verbose stack Cloning into bare repository 'C:\Users\julian.d.barrientos\AppData\Roaming\npm-cache\_git-remotes\git-github-com-monospaced-bower-qrcode-generator-git-v0-1-0-20de882d'...
116 verbose stack fatal: unable to connect to github.com:
116 verbose stack github.com[0: 192.30.253.112]: errno=Invalid argument
116 verbose stack github.com[1: 192.30.253.113]: errno=Invalid argument
116 verbose stack
116 verbose stack
116 verbose stack     at ChildProcess.exithandler (child_process.js:206:12)
116 verbose stack     at emitTwo (events.js:106:13)
116 verbose stack     at ChildProcess.emit (events.js:191:7)
116 verbose stack     at maybeClose (internal/child_process.js:877:16)
116 verbose stack     at Socket.<anonymous> (internal/child_process.js:334:11)
116 verbose stack     at emitOne (events.js:96:13)
116 verbose stack     at Socket.emit (events.js:188:7)
116 verbose stack     at Pipe._handle.close [as _onclose] (net.js:498:12)
117 verbose cwd C:\Users\julian.d.barrientos\Documents\UTN\TpFinalTriggered
118 error Windows_NT 10.0.10586
119 error argv "C:\\Program Files\\nodejs\\node.exe" "C:\\Program Files\\nodejs\\node_modules\\npm\\bin\\npm-cli.js" "install" "angular-qrcode"
120 error node v6.9.2
121 error npm  v3.10.9
122 error code 128
123 error Command failed: git -c core.longpaths=true clone --template=C:\Users\julian.d.barrientos\AppData\Roaming\npm-cache\_git-remotes\_templates --mirror git://github.com/monospaced/bower-qrcode-generator.git C:\Users\julian.d.barrientos\AppData\Roaming\npm-cache\_git-remotes\git-github-com-monospaced-bower-qrcode-generator-git-v0-1-0-20de882d
123 error Cloning into bare repository 'C:\Users\julian.d.barrientos\AppData\Roaming\npm-cache\_git-remotes\git-github-com-monospaced-bower-qrcode-generator-git-v0-1-0-20de882d'...
123 error fatal: unable to connect to github.com:
123 error github.com[0: 192.30.253.112]: errno=Invalid argument
123 error github.com[1: 192.30.253.113]: errno=Invalid argument
124 error If you need help, you may report this error at:
124 error     <https://github.com/npm/npm/issues>
125 verbose exit [ 1, true ]
